<?xml version="1.0" encoding="UTF-8"?>
<coverage generated="1743890092804" clover="3.2.0">
  <project timestamp="1743890092804" name="All files">
    <metrics statements="76" coveredstatements="76" conditionals="28" coveredconditionals="22" methods="17" coveredmethods="17" elements="121" coveredelements="115" complexity="0" loc="76" ncloc="76" packages="1" files="1" classes="1"/>
    <file name="index.js" path="/Users/danielsanders/Documents/microservices-scaffolding/index.js">
      <metrics statements="76" coveredstatements="76" conditionals="28" coveredconditionals="22" methods="17" coveredmethods="17"/>
      <line num="1" count="18" type="stmt"/>
      <line num="5" count="18" type="stmt"/>
      <line num="6" count="18" type="stmt"/>
      <line num="7" count="18" type="stmt"/>
      <line num="8" count="18" type="stmt"/>
      <line num="14" count="24" type="stmt"/>
      <line num="20" count="18" type="stmt"/>
      <line num="24" count="18" type="stmt"/>
      <line num="28" count="18" type="stmt"/>
      <line num="34" count="18" type="stmt"/>
      <line num="38" count="18" type="stmt"/>
      <line num="45" count="18" type="stmt"/>
      <line num="54" count="18" type="stmt"/>
      <line num="63" count="18" type="stmt"/>
      <line num="73" count="18" type="stmt"/>
      <line num="74" count="16" type="stmt"/>
      <line num="75" count="16" type="cond" truecount="2" falsecount="0"/>
      <line num="81" count="18" type="stmt"/>
      <line num="82" count="12" type="stmt"/>
      <line num="83" count="12" type="stmt"/>
      <line num="87" count="18" type="stmt"/>
      <line num="88" count="3" type="stmt"/>
      <line num="89" count="3" type="cond" truecount="2" falsecount="2"/>
      <line num="90" count="3" type="stmt"/>
      <line num="91" count="3" type="stmt"/>
      <line num="92" count="2" type="stmt"/>
      <line num="93" count="2" type="stmt"/>
      <line num="94" count="2" type="stmt"/>
      <line num="95" count="2" type="stmt"/>
      <line num="97" count="1" type="stmt"/>
      <line num="98" count="1" type="stmt"/>
      <line num="106" count="18" type="stmt"/>
      <line num="107" count="2" type="stmt"/>
      <line num="108" count="2" type="cond" truecount="1" falsecount="1"/>
      <line num="115" count="18" type="stmt"/>
      <line num="119" count="18" type="cond" truecount="2" falsecount="0"/>
      <line num="132" count="18" type="stmt"/>
      <line num="133" count="13" type="stmt"/>
      <line num="134" count="13" type="cond" truecount="2" falsecount="0"/>
      <line num="135" count="8" type="cond" truecount="1" falsecount="1"/>
      <line num="137" count="8" type="stmt"/>
      <line num="138" count="8" type="cond" truecount="2" falsecount="0"/>
      <line num="139" count="4" type="cond" truecount="1" falsecount="1"/>
      <line num="142" count="4" type="stmt"/>
      <line num="144" count="4" type="stmt"/>
      <line num="145" count="4" type="cond" truecount="2" falsecount="0"/>
      <line num="146" count="4" type="stmt"/>
      <line num="154" count="18" type="stmt"/>
      <line num="155" count="6" type="stmt"/>
      <line num="156" count="6" type="stmt"/>
      <line num="157" count="6" type="stmt"/>
      <line num="161" count="18" type="stmt"/>
      <line num="162" count="5" type="stmt"/>
      <line num="163" count="5" type="stmt"/>
      <line num="164" count="5" type="stmt"/>
      <line num="167" count="18" type="stmt"/>
      <line num="168" count="3" type="stmt"/>
      <line num="169" count="3" type="cond" truecount="1" falsecount="1"/>
      <line num="171" count="3" type="stmt"/>
      <line num="172" count="3" type="cond" truecount="4" falsecount="0"/>
      <line num="173" count="2" type="stmt"/>
      <line num="175" count="1" type="stmt"/>
      <line num="176" count="1" type="stmt"/>
      <line num="180" count="18" type="stmt"/>
      <line num="181" count="1" type="stmt"/>
      <line num="187" count="18" type="stmt"/>
      <line num="189" count="18" type="stmt"/>
      <line num="190" count="3" type="stmt"/>
      <line num="191" count="3" type="stmt"/>
      <line num="192" count="2" type="cond" truecount="2" falsecount="0"/>
      <line num="193" count="2" type="stmt"/>
      <line num="194" count="2" type="stmt"/>
      <line num="204" count="1" type="stmt"/>
      <line num="211" count="18" type="stmt"/>
      <line num="212" count="18" type="stmt"/>
      <line num="215" count="18" type="stmt"/>
    </file>
  </project>
</coverage>
