<?xml version="1.0" encoding="UTF-8"?>
<coverage generated="1743856963050" clover="3.2.0">
  <project timestamp="1743856963050" name="All files">
    <metrics statements="86" coveredstatements="81" conditionals="30" coveredconditionals="24" methods="16" coveredmethods="16" elements="132" coveredelements="121" complexity="0" loc="86" ncloc="86" packages="1" files="1" classes="1"/>
    <file name="index.js" path="/Users/danielsanders/Documents/microservices-scaffolding/index.js">
      <metrics statements="86" coveredstatements="81" conditionals="30" coveredconditionals="24" methods="16" coveredmethods="16"/>
      <line num="1" count="18" type="stmt"/>
      <line num="2" count="18" type="stmt"/>
      <line num="3" count="18" type="stmt"/>
      <line num="4" count="18" type="stmt"/>
      <line num="5" count="18" type="stmt"/>
      <line num="8" count="18" type="stmt"/>
      <line num="9" count="18" type="stmt"/>
      <line num="12" count="18" type="stmt"/>
      <line num="13" count="24" type="stmt"/>
      <line num="17" count="18" type="stmt"/>
      <line num="24" count="18" type="stmt"/>
      <line num="27" count="18" type="stmt"/>
      <line num="28" count="18" type="stmt"/>
      <line num="30" count="18" type="stmt"/>
      <line num="31" count="2" type="stmt"/>
      <line num="32" count="2" type="stmt"/>
      <line num="33" count="2" type="cond" truecount="1" falsecount="1"/>
      <line num="34" count="0" type="stmt"/>
      <line num="36" count="2" type="stmt"/>
      <line num="42" count="18" type="stmt"/>
      <line num="43" count="12" type="stmt"/>
      <line num="44" count="12" type="stmt"/>
      <line num="47" count="18" type="stmt"/>
      <line num="48" count="3" type="stmt"/>
      <line num="50" count="3" type="cond" truecount="2" falsecount="2"/>
      <line num="51" count="0" type="stmt"/>
      <line num="54" count="3" type="stmt"/>
      <line num="55" count="3" type="stmt"/>
      <line num="56" count="2" type="stmt"/>
      <line num="57" count="2" type="stmt"/>
      <line num="59" count="2" type="stmt"/>
      <line num="60" count="2" type="stmt"/>
      <line num="61" count="2" type="stmt"/>
      <line num="63" count="2" type="stmt"/>
      <line num="65" count="1" type="stmt"/>
      <line num="66" count="1" type="stmt"/>
      <line num="70" count="18" type="stmt"/>
      <line num="71" count="18" type="cond" truecount="2" falsecount="0"/>
      <line num="73" count="18" type="stmt"/>
      <line num="74" count="13" type="stmt"/>
      <line num="75" count="13" type="cond" truecount="2" falsecount="0"/>
      <line num="77" count="13" type="cond" truecount="2" falsecount="0"/>
      <line num="78" count="5" type="stmt"/>
      <line num="81" count="8" type="cond" truecount="1" falsecount="1"/>
      <line num="82" count="0" type="stmt"/>
      <line num="85" count="8" type="stmt"/>
      <line num="86" count="8" type="cond" truecount="2" falsecount="0"/>
      <line num="87" count="4" type="cond" truecount="1" falsecount="1"/>
      <line num="88" count="0" type="stmt"/>
      <line num="90" count="4" type="stmt"/>
      <line num="93" count="4" type="stmt"/>
      <line num="96" count="4" type="cond" truecount="2" falsecount="0"/>
      <line num="97" count="3" type="stmt"/>
      <line num="100" count="4" type="stmt"/>
      <line num="103" count="18" type="stmt"/>
      <line num="104" count="6" type="stmt"/>
      <line num="105" count="6" type="stmt"/>
      <line num="106" count="6" type="stmt"/>
      <line num="109" count="18" type="stmt"/>
      <line num="110" count="5" type="stmt"/>
      <line num="111" count="5" type="stmt"/>
      <line num="112" count="5" type="stmt"/>
      <line num="115" count="18" type="stmt"/>
      <line num="116" count="3" type="stmt"/>
      <line num="117" count="3" type="cond" truecount="2" falsecount="0"/>
      <line num="119" count="3" type="cond" truecount="1" falsecount="1"/>
      <line num="120" count="0" type="stmt"/>
      <line num="123" count="3" type="stmt"/>
      <line num="124" count="3" type="cond" truecount="4" falsecount="0"/>
      <line num="125" count="2" type="stmt"/>
      <line num="127" count="1" type="stmt"/>
      <line num="128" count="1" type="stmt"/>
      <line num="132" count="18" type="stmt"/>
      <line num="133" count="1" type="stmt"/>
      <line num="139" count="18" type="stmt"/>
      <line num="140" count="1" type="stmt"/>
      <line num="143" count="18" type="stmt"/>
      <line num="144" count="3" type="stmt"/>
      <line num="145" count="3" type="stmt"/>
      <line num="146" count="2" type="cond" truecount="2" falsecount="0"/>
      <line num="149" count="2" type="stmt"/>
      <line num="151" count="2" type="stmt"/>
      <line num="161" count="1" type="stmt"/>
      <line num="165" count="18" type="stmt"/>
      <line num="166" count="18" type="stmt"/>
      <line num="169" count="18" type="stmt"/>
    </file>
  </project>
</coverage>
