{"/Users/danielsanders/Documents/microservices-scaffolding/index.js": {"path":"/Users/danielsanders/Documents/microservices-scaffolding/index.js","statementMap":{"0":{"start":{"line":1,"column":16},"end":{"line":1,"column":34}},"1":{"start":{"line":2,"column":11},"end":{"line":2,"column":33}},"2":{"start":{"line":3,"column":15},"end":{"line":3,"column":39}},"3":{"start":{"line":4,"column":12},"end":{"line":4,"column":35}},"4":{"start":{"line":5,"column":15},"end":{"line":5,"column":32}},"5":{"start":{"line":8,"column":26},"end":{"line":8,"column":70}},"6":{"start":{"line":8,"column":32},"end":{"line":8,"column":70}},"7":{"start":{"line":11,"column":23},"end":{"line":11,"column":42}},"8":{"start":{"line":12,"column":19},"end":{"line":12,"column":23}},"9":{"start":{"line":13,"column":23},"end":{"line":13,"column":32}},"10":{"start":{"line":16,"column":26},"end":{"line":16,"column":39}},"11":{"start":{"line":17,"column":30},"end":{"line":17,"column":34}},"12":{"start":{"line":18,"column":23},"end":{"line":23,"column":1}},"13":{"start":{"line":24,"column":24},"end":{"line":27,"column":1}},"14":{"start":{"line":30,"column":20},"end":{"line":34,"column":1}},"15":{"start":{"line":37,"column":25},"end":{"line":40,"column":1}},"16":{"start":{"line":38,"column":23},"end":{"line":38,"column":51}},"17":{"start":{"line":39,"column":4},"end":{"line":39,"column":50}},"18":{"start":{"line":43,"column":26},"end":{"line":46,"column":1}},"19":{"start":{"line":44,"column":4},"end":{"line":44,"column":27}},"20":{"start":{"line":45,"column":4},"end":{"line":45,"column":50}},"21":{"start":{"line":49,"column":26},"end":{"line":64,"column":1}},"22":{"start":{"line":50,"column":29},"end":{"line":50,"column":39}},"23":{"start":{"line":51,"column":4},"end":{"line":53,"column":5}},"24":{"start":{"line":52,"column":8},"end":{"line":52,"column":27}},"25":{"start":{"line":54,"column":4},"end":{"line":63,"column":5}},"26":{"start":{"line":55,"column":32},"end":{"line":55,"column":76}},"27":{"start":{"line":56,"column":25},"end":{"line":56,"column":52}},"28":{"start":{"line":57,"column":20},"end":{"line":57,"column":37}},"29":{"start":{"line":58,"column":8},"end":{"line":58,"column":83}},"30":{"start":{"line":59,"column":8},"end":{"line":59,"column":27}},"31":{"start":{"line":61,"column":8},"end":{"line":61,"column":62}},"32":{"start":{"line":62,"column":8},"end":{"line":62,"column":56}},"33":{"start":{"line":67,"column":18},"end":{"line":70,"column":5}},"34":{"start":{"line":68,"column":4},"end":{"line":70,"column":5}},"35":{"start":{"line":69,"column":8},"end":{"line":69,"column":101}},"36":{"start":{"line":69,"column":54},"end":{"line":69,"column":100}},"37":{"start":{"line":73,"column":12},"end":{"line":73,"column":21}},"38":{"start":{"line":74,"column":13},"end":{"line":74,"column":37}},"39":{"start":{"line":77,"column":26},"end":{"line":93,"column":1}},"40":{"start":{"line":78,"column":18},"end":{"line":78,"column":39}},"41":{"start":{"line":79,"column":4},"end":{"line":79,"column":106}},"42":{"start":{"line":79,"column":16},"end":{"line":79,"column":106}},"43":{"start":{"line":80,"column":4},"end":{"line":80,"column":121}},"44":{"start":{"line":80,"column":35},"end":{"line":80,"column":121}},"45":{"start":{"line":82,"column":4},"end":{"line":92,"column":7}},"46":{"start":{"line":83,"column":8},"end":{"line":88,"column":9}},"47":{"start":{"line":84,"column":28},"end":{"line":86,"column":46}},"48":{"start":{"line":87,"column":12},"end":{"line":87,"column":81}},"49":{"start":{"line":89,"column":8},"end":{"line":89,"column":24}},"50":{"start":{"line":90,"column":8},"end":{"line":90,"column":65}},"51":{"start":{"line":90,"column":39},"end":{"line":90,"column":65}},"52":{"start":{"line":91,"column":8},"end":{"line":91,"column":15}},"53":{"start":{"line":96,"column":22},"end":{"line":100,"column":1}},"54":{"start":{"line":97,"column":4},"end":{"line":97,"column":43}},"55":{"start":{"line":98,"column":4},"end":{"line":98,"column":91}},"56":{"start":{"line":99,"column":4},"end":{"line":99,"column":24}},"57":{"start":{"line":103,"column":0},"end":{"line":107,"column":3}},"58":{"start":{"line":104,"column":17},"end":{"line":104,"column":49}},"59":{"start":{"line":105,"column":18},"end":{"line":105,"column":37}},"60":{"start":{"line":106,"column":4},"end":{"line":106,"column":22}},"61":{"start":{"line":109,"column":0},"end":{"line":120,"column":3}},"62":{"start":{"line":110,"column":18},"end":{"line":110,"column":39}},"63":{"start":{"line":111,"column":4},"end":{"line":111,"column":106}},"64":{"start":{"line":111,"column":16},"end":{"line":111,"column":106}},"65":{"start":{"line":113,"column":4},"end":{"line":119,"column":7}},"66":{"start":{"line":114,"column":8},"end":{"line":116,"column":9}},"67":{"start":{"line":115,"column":12},"end":{"line":115,"column":92}},"68":{"start":{"line":117,"column":25},"end":{"line":117,"column":78}},"69":{"start":{"line":118,"column":8},"end":{"line":118,"column":36}},"70":{"start":{"line":122,"column":0},"end":{"line":127,"column":3}},"71":{"start":{"line":123,"column":4},"end":{"line":126,"column":7}},"72":{"start":{"line":129,"column":0},"end":{"line":129,"column":63}},"73":{"start":{"line":129,"column":27},"end":{"line":129,"column":61}},"74":{"start":{"line":131,"column":0},"end":{"line":148,"column":3}},"75":{"start":{"line":132,"column":4},"end":{"line":147,"column":5}},"76":{"start":{"line":133,"column":32},"end":{"line":133,"column":57}},"77":{"start":{"line":134,"column":28},"end":{"line":134,"column":59}},"78":{"start":{"line":135,"column":8},"end":{"line":135,"column":28}},"79":{"start":{"line":136,"column":8},"end":{"line":144,"column":11}},"80":{"start":{"line":146,"column":8},"end":{"line":146,"column":61}},"81":{"start":{"line":150,"column":15},"end":{"line":152,"column":2}},"82":{"start":{"line":151,"column":4},"end":{"line":151,"column":53}},"83":{"start":{"line":154,"column":0},"end":{"line":154,"column":31}}},"fnMap":{"0":{"name":"(anonymous_0)","decl":{"start":{"line":8,"column":26},"end":{"line":8,"column":27}},"loc":{"start":{"line":8,"column":32},"end":{"line":8,"column":70}},"line":8},"1":{"name":"(anonymous_1)","decl":{"start":{"line":37,"column":25},"end":{"line":37,"column":26}},"loc":{"start":{"line":37,"column":34},"end":{"line":40,"column":1}},"line":37},"2":{"name":"(anonymous_2)","decl":{"start":{"line":43,"column":26},"end":{"line":43,"column":27}},"loc":{"start":{"line":43,"column":56},"end":{"line":46,"column":1}},"line":43},"3":{"name":"(anonymous_3)","decl":{"start":{"line":49,"column":26},"end":{"line":49,"column":27}},"loc":{"start":{"line":49,"column":38},"end":{"line":64,"column":1}},"line":49},"4":{"name":"(anonymous_4)","decl":{"start":{"line":67,"column":18},"end":{"line":67,"column":19}},"loc":{"start":{"line":68,"column":4},"end":{"line":70,"column":5}},"line":68},"5":{"name":"(anonymous_5)","decl":{"start":{"line":68,"column":16},"end":{"line":68,"column":17}},"loc":{"start":{"line":69,"column":8},"end":{"line":69,"column":101}},"line":69},"6":{"name":"(anonymous_6)","decl":{"start":{"line":69,"column":35},"end":{"line":69,"column":36}},"loc":{"start":{"line":69,"column":54},"end":{"line":69,"column":100}},"line":69},"7":{"name":"(anonymous_7)","decl":{"start":{"line":77,"column":26},"end":{"line":77,"column":27}},"loc":{"start":{"line":77,"column":46},"end":{"line":93,"column":1}},"line":77},"8":{"name":"(anonymous_8)","decl":{"start":{"line":82,"column":40},"end":{"line":82,"column":41}},"loc":{"start":{"line":82,"column":55},"end":{"line":92,"column":5}},"line":82},"9":{"name":"(anonymous_9)","decl":{"start":{"line":96,"column":22},"end":{"line":96,"column":23}},"loc":{"start":{"line":96,"column":35},"end":{"line":100,"column":1}},"line":96},"10":{"name":"(anonymous_10)","decl":{"start":{"line":103,"column":19},"end":{"line":103,"column":20}},"loc":{"start":{"line":103,"column":33},"end":{"line":107,"column":1}},"line":103},"11":{"name":"(anonymous_11)","decl":{"start":{"line":109,"column":21},"end":{"line":109,"column":22}},"loc":{"start":{"line":109,"column":35},"end":{"line":120,"column":1}},"line":109},"12":{"name":"(anonymous_12)","decl":{"start":{"line":113,"column":66},"end":{"line":113,"column":67}},"loc":{"start":{"line":113,"column":81},"end":{"line":119,"column":5}},"line":113},"13":{"name":"(anonymous_13)","decl":{"start":{"line":122,"column":41},"end":{"line":122,"column":42}},"loc":{"start":{"line":122,"column":55},"end":{"line":127,"column":1}},"line":122},"14":{"name":"(anonymous_14)","decl":{"start":{"line":129,"column":13},"end":{"line":129,"column":14}},"loc":{"start":{"line":129,"column":27},"end":{"line":129,"column":61}},"line":129},"15":{"name":"(anonymous_15)","decl":{"start":{"line":131,"column":38},"end":{"line":131,"column":39}},"loc":{"start":{"line":131,"column":58},"end":{"line":148,"column":1}},"line":131},"16":{"name":"(anonymous_16)","decl":{"start":{"line":150,"column":32},"end":{"line":150,"column":33}},"loc":{"start":{"line":150,"column":38},"end":{"line":152,"column":1}},"line":150}},"branchMap":{"0":{"loc":{"start":{"line":39,"column":11},"end":{"line":39,"column":49}},"type":"binary-expr","locations":[{"start":{"line":39,"column":11},"end":{"line":39,"column":21}},{"start":{"line":39,"column":25},"end":{"line":39,"column":49}}],"line":39},"1":{"loc":{"start":{"line":51,"column":4},"end":{"line":53,"column":5}},"type":"if","locations":[{"start":{"line":51,"column":4},"end":{"line":53,"column":5}},{"start":{},"end":{}}],"line":51},"2":{"loc":{"start":{"line":51,"column":8},"end":{"line":51,"column":96}},"type":"binary-expr","locations":[{"start":{"line":51,"column":8},"end":{"line":51,"column":28}},{"start":{"line":51,"column":32},"end":{"line":51,"column":96}}],"line":51},"3":{"loc":{"start":{"line":69,"column":54},"end":{"line":69,"column":100}},"type":"cond-expr","locations":[{"start":{"line":69,"column":62},"end":{"line":69,"column":75}},{"start":{"line":69,"column":78},"end":{"line":69,"column":100}}],"line":69},"4":{"loc":{"start":{"line":74,"column":13},"end":{"line":74,"column":37}},"type":"binary-expr","locations":[{"start":{"line":74,"column":13},"end":{"line":74,"column":29}},{"start":{"line":74,"column":33},"end":{"line":74,"column":37}}],"line":74},"5":{"loc":{"start":{"line":79,"column":4},"end":{"line":79,"column":106}},"type":"if","locations":[{"start":{"line":79,"column":4},"end":{"line":79,"column":106}},{"start":{},"end":{}}],"line":79},"6":{"loc":{"start":{"line":80,"column":4},"end":{"line":80,"column":121}},"type":"if","locations":[{"start":{"line":80,"column":4},"end":{"line":80,"column":121}},{"start":{},"end":{}}],"line":80},"7":{"loc":{"start":{"line":83,"column":8},"end":{"line":88,"column":9}},"type":"if","locations":[{"start":{"line":83,"column":8},"end":{"line":88,"column":9}},{"start":{},"end":{}}],"line":83},"8":{"loc":{"start":{"line":84,"column":28},"end":{"line":86,"column":46}},"type":"cond-expr","locations":[{"start":{"line":85,"column":18},"end":{"line":85,"column":46}},{"start":{"line":86,"column":18},"end":{"line":86,"column":46}}],"line":84},"9":{"loc":{"start":{"line":90,"column":8},"end":{"line":90,"column":65}},"type":"if","locations":[{"start":{"line":90,"column":8},"end":{"line":90,"column":65}},{"start":{},"end":{}}],"line":90},"10":{"loc":{"start":{"line":111,"column":4},"end":{"line":111,"column":106}},"type":"if","locations":[{"start":{"line":111,"column":4},"end":{"line":111,"column":106}},{"start":{},"end":{}}],"line":111},"11":{"loc":{"start":{"line":114,"column":8},"end":{"line":116,"column":9}},"type":"if","locations":[{"start":{"line":114,"column":8},"end":{"line":116,"column":9}},{"start":{},"end":{}}],"line":114},"12":{"loc":{"start":{"line":114,"column":12},"end":{"line":114,"column":29}},"type":"binary-expr","locations":[{"start":{"line":114,"column":12},"end":{"line":114,"column":17}},{"start":{"line":114,"column":21},"end":{"line":114,"column":29}}],"line":114},"13":{"loc":{"start":{"line":134,"column":28},"end":{"line":134,"column":59}},"type":"binary-expr","locations":[{"start":{"line":134,"column":28},"end":{"line":134,"column":52}},{"start":{"line":134,"column":56},"end":{"line":134,"column":59}}],"line":134}},"s":{"0":18,"1":18,"2":18,"3":18,"4":18,"5":18,"6":24,"7":18,"8":18,"9":18,"10":18,"11":18,"12":18,"13":18,"14":18,"15":18,"16":16,"17":16,"18":18,"19":12,"20":12,"21":18,"22":3,"23":3,"24":0,"25":3,"26":3,"27":2,"28":2,"29":2,"30":2,"31":1,"32":1,"33":18,"34":2,"35":2,"36":2,"37":18,"38":18,"39":18,"40":13,"41":13,"42":5,"43":8,"44":0,"45":8,"46":8,"47":4,"48":4,"49":4,"50":4,"51":3,"52":4,"53":18,"54":6,"55":6,"56":6,"57":18,"58":5,"59":5,"60":5,"61":18,"62":3,"63":3,"64":0,"65":3,"66":3,"67":2,"68":1,"69":1,"70":18,"71":1,"72":18,"73":1,"74":18,"75":3,"76":3,"77":2,"78":2,"79":2,"80":1,"81":18,"82":18,"83":18},"f":{"0":24,"1":16,"2":12,"3":3,"4":2,"5":2,"6":2,"7":13,"8":8,"9":6,"10":5,"11":3,"12":3,"13":1,"14":1,"15":3,"16":18},"b":{"0":[16,11],"1":[0,3],"2":[3,0],"3":[0,2],"4":[18,18],"5":[5,8],"6":[0,8],"7":[4,4],"8":[0,4],"9":[3,1],"10":[0,3],"11":[2,1],"12":[3,1],"13":[2,2]},"_coverageSchema":"1a1c01bbd47fc00a2c39e90264f33305004495a9","hash":"286ad78f8c2e7758132528a51dd8761d60fbce96"}
}
