{"/Users/danielsanders/Documents/microservices-scaffolding/index.js": {"path":"/Users/danielsanders/Documents/microservices-scaffolding/index.js","statementMap":{"0":{"start":{"line":1,"column":16},"end":{"line":1,"column":34}},"1":{"start":{"line":2,"column":11},"end":{"line":2,"column":33}},"2":{"start":{"line":3,"column":17},"end":{"line":3,"column":41}},"3":{"start":{"line":4,"column":12},"end":{"line":4,"column":35}},"4":{"start":{"line":5,"column":15},"end":{"line":5,"column":32}},"5":{"start":{"line":8,"column":26},"end":{"line":8,"column":39}},"6":{"start":{"line":9,"column":30},"end":{"line":9,"column":34}},"7":{"start":{"line":12,"column":26},"end":{"line":14,"column":1}},"8":{"start":{"line":13,"column":2},"end":{"line":13,"column":48}},"9":{"start":{"line":17,"column":20},"end":{"line":21,"column":1}},"10":{"start":{"line":24,"column":23},"end":{"line":24,"column":32}},"11":{"start":{"line":27,"column":18},"end":{"line":27,"column":22}},"12":{"start":{"line":28,"column":22},"end":{"line":28,"column":41}},"13":{"start":{"line":30,"column":18},"end":{"line":40,"column":1}},"14":{"start":{"line":31,"column":2},"end":{"line":39,"column":5}},"15":{"start":{"line":32,"column":4},"end":{"line":38,"column":7}},"16":{"start":{"line":33,"column":6},"end":{"line":37,"column":7}},"17":{"start":{"line":34,"column":8},"end":{"line":34,"column":22}},"18":{"start":{"line":36,"column":8},"end":{"line":36,"column":31}},"19":{"start":{"line":42,"column":28},"end":{"line":45,"column":1}},"20":{"start":{"line":43,"column":2},"end":{"line":43,"column":25}},"21":{"start":{"line":44,"column":2},"end":{"line":44,"column":50}},"22":{"start":{"line":47,"column":26},"end":{"line":68,"column":1}},"23":{"start":{"line":48,"column":27},"end":{"line":48,"column":37}},"24":{"start":{"line":50,"column":2},"end":{"line":52,"column":3}},"25":{"start":{"line":51,"column":4},"end":{"line":51,"column":23}},"26":{"start":{"line":54,"column":2},"end":{"line":67,"column":3}},"27":{"start":{"line":55,"column":28},"end":{"line":55,"column":72}},"28":{"start":{"line":56,"column":21},"end":{"line":56,"column":48}},"29":{"start":{"line":57,"column":16},"end":{"line":57,"column":33}},"30":{"start":{"line":59,"column":4},"end":{"line":59,"column":36}},"31":{"start":{"line":60,"column":4},"end":{"line":60,"column":26}},"32":{"start":{"line":61,"column":4},"end":{"line":61,"column":47}},"33":{"start":{"line":63,"column":4},"end":{"line":63,"column":23}},"34":{"start":{"line":65,"column":4},"end":{"line":65,"column":58}},"35":{"start":{"line":66,"column":4},"end":{"line":66,"column":52}},"36":{"start":{"line":70,"column":12},"end":{"line":70,"column":21}},"37":{"start":{"line":71,"column":13},"end":{"line":71,"column":37}},"38":{"start":{"line":73,"column":26},"end":{"line":102,"column":1}},"39":{"start":{"line":74,"column":21},"end":{"line":74,"column":49}},"40":{"start":{"line":75,"column":16},"end":{"line":75,"column":54}},"41":{"start":{"line":77,"column":2},"end":{"line":79,"column":3}},"42":{"start":{"line":78,"column":4},"end":{"line":78,"column":72}},"43":{"start":{"line":81,"column":2},"end":{"line":83,"column":3}},"44":{"start":{"line":82,"column":4},"end":{"line":82,"column":83}},"45":{"start":{"line":85,"column":2},"end":{"line":101,"column":5}},"46":{"start":{"line":86,"column":4},"end":{"line":91,"column":5}},"47":{"start":{"line":87,"column":6},"end":{"line":89,"column":7}},"48":{"start":{"line":88,"column":8},"end":{"line":88,"column":76}},"49":{"start":{"line":90,"column":6},"end":{"line":90,"column":71}},"50":{"start":{"line":93,"column":4},"end":{"line":93,"column":20}},"51":{"start":{"line":96,"column":4},"end":{"line":98,"column":5}},"52":{"start":{"line":97,"column":6},"end":{"line":97,"column":32}},"53":{"start":{"line":100,"column":4},"end":{"line":100,"column":11}},"54":{"start":{"line":103,"column":22},"end":{"line":107,"column":1}},"55":{"start":{"line":104,"column":2},"end":{"line":104,"column":40}},"56":{"start":{"line":105,"column":2},"end":{"line":105,"column":89}},"57":{"start":{"line":106,"column":2},"end":{"line":106,"column":21}},"58":{"start":{"line":109,"column":0},"end":{"line":113,"column":3}},"59":{"start":{"line":110,"column":15},"end":{"line":110,"column":49}},"60":{"start":{"line":111,"column":16},"end":{"line":111,"column":35}},"61":{"start":{"line":112,"column":2},"end":{"line":112,"column":22}},"62":{"start":{"line":115,"column":0},"end":{"line":130,"column":3}},"63":{"start":{"line":116,"column":21},"end":{"line":116,"column":49}},"64":{"start":{"line":117,"column":16},"end":{"line":117,"column":54}},"65":{"start":{"line":119,"column":2},"end":{"line":121,"column":3}},"66":{"start":{"line":120,"column":4},"end":{"line":120,"column":72}},"67":{"start":{"line":123,"column":2},"end":{"line":129,"column":5}},"68":{"start":{"line":124,"column":4},"end":{"line":126,"column":5}},"69":{"start":{"line":125,"column":6},"end":{"line":125,"column":88}},"70":{"start":{"line":127,"column":21},"end":{"line":127,"column":76}},"71":{"start":{"line":128,"column":4},"end":{"line":128,"column":34}},"72":{"start":{"line":132,"column":0},"end":{"line":137,"column":3}},"73":{"start":{"line":133,"column":2},"end":{"line":136,"column":5}},"74":{"start":{"line":139,"column":0},"end":{"line":141,"column":3}},"75":{"start":{"line":140,"column":2},"end":{"line":140,"column":39}},"76":{"start":{"line":143,"column":0},"end":{"line":163,"column":3}},"77":{"start":{"line":144,"column":2},"end":{"line":162,"column":3}},"78":{"start":{"line":145,"column":30},"end":{"line":145,"column":55}},"79":{"start":{"line":146,"column":24},"end":{"line":146,"column":55}},"80":{"start":{"line":149,"column":4},"end":{"line":149,"column":23}},"81":{"start":{"line":151,"column":4},"end":{"line":159,"column":7}},"82":{"start":{"line":161,"column":4},"end":{"line":161,"column":59}},"83":{"start":{"line":165,"column":15},"end":{"line":167,"column":2}},"84":{"start":{"line":166,"column":2},"end":{"line":166,"column":51}},"85":{"start":{"line":169,"column":0},"end":{"line":169,"column":33}}},"fnMap":{"0":{"name":"(anonymous_0)","decl":{"start":{"line":12,"column":26},"end":{"line":12,"column":27}},"loc":{"start":{"line":12,"column":32},"end":{"line":14,"column":1}},"line":12},"1":{"name":"(anonymous_1)","decl":{"start":{"line":30,"column":18},"end":{"line":30,"column":19}},"loc":{"start":{"line":30,"column":24},"end":{"line":40,"column":1}},"line":30},"2":{"name":"(anonymous_2)","decl":{"start":{"line":31,"column":21},"end":{"line":31,"column":22}},"loc":{"start":{"line":31,"column":42},"end":{"line":39,"column":3}},"line":31},"3":{"name":"(anonymous_3)","decl":{"start":{"line":32,"column":31},"end":{"line":32,"column":32}},"loc":{"start":{"line":32,"column":50},"end":{"line":38,"column":5}},"line":32},"4":{"name":"(anonymous_4)","decl":{"start":{"line":42,"column":28},"end":{"line":42,"column":29}},"loc":{"start":{"line":42,"column":58},"end":{"line":45,"column":1}},"line":42},"5":{"name":"(anonymous_5)","decl":{"start":{"line":47,"column":26},"end":{"line":47,"column":27}},"loc":{"start":{"line":47,"column":38},"end":{"line":68,"column":1}},"line":47},"6":{"name":"(anonymous_6)","decl":{"start":{"line":73,"column":26},"end":{"line":73,"column":27}},"loc":{"start":{"line":73,"column":46},"end":{"line":102,"column":1}},"line":73},"7":{"name":"(anonymous_7)","decl":{"start":{"line":85,"column":37},"end":{"line":85,"column":38}},"loc":{"start":{"line":85,"column":52},"end":{"line":101,"column":3}},"line":85},"8":{"name":"(anonymous_8)","decl":{"start":{"line":103,"column":22},"end":{"line":103,"column":23}},"loc":{"start":{"line":103,"column":35},"end":{"line":107,"column":1}},"line":103},"9":{"name":"(anonymous_9)","decl":{"start":{"line":109,"column":19},"end":{"line":109,"column":20}},"loc":{"start":{"line":109,"column":33},"end":{"line":113,"column":1}},"line":109},"10":{"name":"(anonymous_10)","decl":{"start":{"line":115,"column":21},"end":{"line":115,"column":22}},"loc":{"start":{"line":115,"column":35},"end":{"line":130,"column":1}},"line":115},"11":{"name":"(anonymous_11)","decl":{"start":{"line":123,"column":65},"end":{"line":123,"column":66}},"loc":{"start":{"line":123,"column":80},"end":{"line":129,"column":3}},"line":123},"12":{"name":"(anonymous_12)","decl":{"start":{"line":132,"column":41},"end":{"line":132,"column":42}},"loc":{"start":{"line":132,"column":55},"end":{"line":137,"column":1}},"line":132},"13":{"name":"(anonymous_13)","decl":{"start":{"line":139,"column":13},"end":{"line":139,"column":14}},"loc":{"start":{"line":139,"column":27},"end":{"line":141,"column":1}},"line":139},"14":{"name":"(anonymous_14)","decl":{"start":{"line":143,"column":38},"end":{"line":143,"column":39}},"loc":{"start":{"line":143,"column":58},"end":{"line":163,"column":1}},"line":143},"15":{"name":"(anonymous_15)","decl":{"start":{"line":165,"column":32},"end":{"line":165,"column":33}},"loc":{"start":{"line":165,"column":38},"end":{"line":167,"column":1}},"line":165}},"branchMap":{"0":{"loc":{"start":{"line":33,"column":6},"end":{"line":37,"column":7}},"type":"if","locations":[{"start":{"line":33,"column":6},"end":{"line":37,"column":7}},{"start":{"line":35,"column":13},"end":{"line":37,"column":7}}],"line":33},"1":{"loc":{"start":{"line":50,"column":2},"end":{"line":52,"column":3}},"type":"if","locations":[{"start":{"line":50,"column":2},"end":{"line":52,"column":3}},{"start":{},"end":{}}],"line":50},"2":{"loc":{"start":{"line":50,"column":6},"end":{"line":50,"column":94}},"type":"binary-expr","locations":[{"start":{"line":50,"column":6},"end":{"line":50,"column":26}},{"start":{"line":50,"column":30},"end":{"line":50,"column":94}}],"line":50},"3":{"loc":{"start":{"line":71,"column":13},"end":{"line":71,"column":37}},"type":"binary-expr","locations":[{"start":{"line":71,"column":13},"end":{"line":71,"column":29}},{"start":{"line":71,"column":33},"end":{"line":71,"column":37}}],"line":71},"4":{"loc":{"start":{"line":75,"column":16},"end":{"line":75,"column":54}},"type":"binary-expr","locations":[{"start":{"line":75,"column":16},"end":{"line":75,"column":26}},{"start":{"line":75,"column":30},"end":{"line":75,"column":54}}],"line":75},"5":{"loc":{"start":{"line":77,"column":2},"end":{"line":79,"column":3}},"type":"if","locations":[{"start":{"line":77,"column":2},"end":{"line":79,"column":3}},{"start":{},"end":{}}],"line":77},"6":{"loc":{"start":{"line":81,"column":2},"end":{"line":83,"column":3}},"type":"if","locations":[{"start":{"line":81,"column":2},"end":{"line":83,"column":3}},{"start":{},"end":{}}],"line":81},"7":{"loc":{"start":{"line":86,"column":4},"end":{"line":91,"column":5}},"type":"if","locations":[{"start":{"line":86,"column":4},"end":{"line":91,"column":5}},{"start":{},"end":{}}],"line":86},"8":{"loc":{"start":{"line":87,"column":6},"end":{"line":89,"column":7}},"type":"if","locations":[{"start":{"line":87,"column":6},"end":{"line":89,"column":7}},{"start":{},"end":{}}],"line":87},"9":{"loc":{"start":{"line":96,"column":4},"end":{"line":98,"column":5}},"type":"if","locations":[{"start":{"line":96,"column":4},"end":{"line":98,"column":5}},{"start":{},"end":{}}],"line":96},"10":{"loc":{"start":{"line":117,"column":16},"end":{"line":117,"column":54}},"type":"binary-expr","locations":[{"start":{"line":117,"column":16},"end":{"line":117,"column":26}},{"start":{"line":117,"column":30},"end":{"line":117,"column":54}}],"line":117},"11":{"loc":{"start":{"line":119,"column":2},"end":{"line":121,"column":3}},"type":"if","locations":[{"start":{"line":119,"column":2},"end":{"line":121,"column":3}},{"start":{},"end":{}}],"line":119},"12":{"loc":{"start":{"line":124,"column":4},"end":{"line":126,"column":5}},"type":"if","locations":[{"start":{"line":124,"column":4},"end":{"line":126,"column":5}},{"start":{},"end":{}}],"line":124},"13":{"loc":{"start":{"line":124,"column":8},"end":{"line":124,"column":25}},"type":"binary-expr","locations":[{"start":{"line":124,"column":8},"end":{"line":124,"column":13}},{"start":{"line":124,"column":17},"end":{"line":124,"column":25}}],"line":124},"14":{"loc":{"start":{"line":146,"column":24},"end":{"line":146,"column":55}},"type":"binary-expr","locations":[{"start":{"line":146,"column":24},"end":{"line":146,"column":48}},{"start":{"line":146,"column":52},"end":{"line":146,"column":55}}],"line":146}},"s":{"0":18,"1":18,"2":18,"3":18,"4":18,"5":18,"6":18,"7":18,"8":24,"9":18,"10":18,"11":18,"12":18,"13":18,"14":2,"15":2,"16":2,"17":0,"18":2,"19":18,"20":12,"21":12,"22":18,"23":3,"24":3,"25":0,"26":3,"27":3,"28":2,"29":2,"30":2,"31":2,"32":2,"33":2,"34":1,"35":1,"36":18,"37":18,"38":18,"39":13,"40":13,"41":13,"42":5,"43":8,"44":0,"45":8,"46":8,"47":4,"48":0,"49":4,"50":4,"51":4,"52":3,"53":4,"54":18,"55":6,"56":6,"57":6,"58":18,"59":5,"60":5,"61":5,"62":18,"63":3,"64":3,"65":3,"66":0,"67":3,"68":3,"69":2,"70":1,"71":1,"72":18,"73":1,"74":18,"75":1,"76":18,"77":3,"78":3,"79":2,"80":2,"81":2,"82":1,"83":18,"84":18,"85":18},"f":{"0":24,"1":2,"2":2,"3":2,"4":12,"5":3,"6":13,"7":8,"8":6,"9":5,"10":3,"11":3,"12":1,"13":1,"14":3,"15":18},"b":{"0":[0,2],"1":[0,3],"2":[3,0],"3":[18,18],"4":[13,8],"5":[5,8],"6":[0,8],"7":[4,4],"8":[0,4],"9":[3,1],"10":[3,3],"11":[0,3],"12":[2,1],"13":[3,1],"14":[2,2]},"_coverageSchema":"1a1c01bbd47fc00a2c39e90264f33305004495a9","hash":"44bec08dc33dac528c697e31dc380449225d8fe3"}
}
