TN:
SF:index.js
FN:8,(anonymous_0)
FN:37,(anonymous_1)
FN:43,(anonymous_2)
FN:49,(anonymous_3)
FN:67,(anonymous_4)
FN:68,(anonymous_5)
FN:69,(anonymous_6)
FN:77,(anonymous_7)
FN:82,(anonymous_8)
FN:96,(anonymous_9)
FN:103,(anonymous_10)
FN:109,(anonymous_11)
FN:113,(anonymous_12)
FN:122,(anonymous_13)
FN:129,(anonymous_14)
FN:131,(anonymous_15)
FN:150,(anonymous_16)
FNF:17
FNH:17
FNDA:24,(anonymous_0)
FNDA:16,(anonymous_1)
FNDA:12,(anonymous_2)
FNDA:3,(anonymous_3)
FNDA:2,(anonymous_4)
FNDA:2,(anonymous_5)
FNDA:2,(anonymous_6)
FNDA:13,(anonymous_7)
FNDA:8,(anonymous_8)
FNDA:6,(anonymous_9)
FNDA:5,(anonymous_10)
FNDA:3,(anonymous_11)
FNDA:3,(anonymous_12)
FNDA:1,(anonymous_13)
FNDA:1,(anonymous_14)
FNDA:3,(anonymous_15)
FNDA:18,(anonymous_16)
DA:1,18
DA:2,18
DA:3,18
DA:4,18
DA:5,18
DA:8,24
DA:11,18
DA:12,18
DA:13,18
DA:16,18
DA:17,18
DA:18,18
DA:24,18
DA:30,18
DA:37,18
DA:38,16
DA:39,16
DA:43,18
DA:44,12
DA:45,12
DA:49,18
DA:50,3
DA:51,3
DA:52,0
DA:54,3
DA:55,3
DA:56,2
DA:57,2
DA:58,2
DA:59,2
DA:61,1
DA:62,1
DA:67,18
DA:68,2
DA:69,2
DA:73,18
DA:74,18
DA:77,18
DA:78,13
DA:79,13
DA:80,8
DA:82,8
DA:83,8
DA:84,4
DA:87,4
DA:89,4
DA:90,4
DA:91,4
DA:96,18
DA:97,6
DA:98,6
DA:99,6
DA:103,18
DA:104,5
DA:105,5
DA:106,5
DA:109,18
DA:110,3
DA:111,3
DA:113,3
DA:114,3
DA:115,2
DA:117,1
DA:118,1
DA:122,18
DA:123,1
DA:129,18
DA:131,18
DA:132,3
DA:133,3
DA:134,2
DA:135,2
DA:136,2
DA:146,1
DA:150,18
DA:151,18
DA:154,18
LF:77
LH:76
BRDA:39,0,0,16
BRDA:39,0,1,11
BRDA:51,1,0,0
BRDA:51,1,1,3
BRDA:51,2,0,3
BRDA:51,2,1,0
BRDA:69,3,0,0
BRDA:69,3,1,2
BRDA:74,4,0,18
BRDA:74,4,1,18
BRDA:79,5,0,5
BRDA:79,5,1,8
BRDA:80,6,0,0
BRDA:80,6,1,8
BRDA:83,7,0,4
BRDA:83,7,1,4
BRDA:84,8,0,0
BRDA:84,8,1,4
BRDA:90,9,0,3
BRDA:90,9,1,1
BRDA:111,10,0,0
BRDA:111,10,1,3
BRDA:114,11,0,2
BRDA:114,11,1,1
BRDA:114,12,0,3
BRDA:114,12,1,1
BRDA:134,13,0,2
BRDA:134,13,1,2
BRF:28
BRH:22
end_of_record
