TN:
SF:index.js
FN:14,(anonymous_0)
FN:73,(anonymous_1)
FN:81,(anonymous_2)
FN:87,(anonymous_3)
FN:106,(anonymous_4)
FN:107,(anonymous_5)
FN:108,(anonymous_6)
FN:132,(anonymous_7)
FN:137,(anonymous_8)
FN:154,(anonymous_9)
FN:161,(anonymous_10)
FN:167,(anonymous_11)
FN:171,(anonymous_12)
FN:180,(anonymous_13)
FN:187,(anonymous_14)
FN:189,(anonymous_15)
FN:211,(anonymous_16)
FNF:17
FNH:17
FNDA:24,(anonymous_0)
FNDA:16,(anonymous_1)
FNDA:12,(anonymous_2)
FNDA:3,(anonymous_3)
FNDA:2,(anonymous_4)
FNDA:2,(anonymous_5)
FNDA:2,(anonymous_6)
FNDA:13,(anonymous_7)
FNDA:8,(anonymous_8)
FNDA:6,(anonymous_9)
FNDA:5,(anonymous_10)
FNDA:3,(anonymous_11)
FNDA:3,(anonymous_12)
FNDA:1,(anonymous_13)
FNDA:1,(anonymous_14)
FNDA:3,(anonymous_15)
FNDA:18,(anonymous_16)
DA:1,18
DA:5,18
DA:6,18
DA:7,18
DA:8,18
DA:14,24
DA:20,18
DA:24,18
DA:28,18
DA:34,18
DA:38,18
DA:45,18
DA:54,18
DA:63,18
DA:73,18
DA:74,16
DA:75,16
DA:81,18
DA:82,12
DA:83,12
DA:87,18
DA:88,3
DA:89,3
DA:90,3
DA:91,3
DA:92,2
DA:93,2
DA:94,2
DA:95,2
DA:97,1
DA:98,1
DA:106,18
DA:107,2
DA:108,2
DA:115,18
DA:119,18
DA:132,18
DA:133,13
DA:134,13
DA:135,8
DA:137,8
DA:138,8
DA:139,4
DA:142,4
DA:144,4
DA:145,4
DA:146,4
DA:154,18
DA:155,6
DA:156,6
DA:157,6
DA:161,18
DA:162,5
DA:163,5
DA:164,5
DA:167,18
DA:168,3
DA:169,3
DA:171,3
DA:172,3
DA:173,2
DA:175,1
DA:176,1
DA:180,18
DA:181,1
DA:187,18
DA:189,18
DA:190,3
DA:191,3
DA:192,2
DA:193,2
DA:194,2
DA:204,1
DA:211,18
DA:212,18
DA:215,18
LF:76
LH:76
BRDA:75,0,0,16
BRDA:75,0,1,11
BRDA:89,1,0,0
BRDA:89,1,1,3
BRDA:89,2,0,3
BRDA:89,2,1,0
BRDA:108,3,0,0
BRDA:108,3,1,2
BRDA:119,4,0,18
BRDA:119,4,1,18
BRDA:134,5,0,5
BRDA:134,5,1,8
BRDA:135,6,0,0
BRDA:135,6,1,8
BRDA:138,7,0,4
BRDA:138,7,1,4
BRDA:139,8,0,0
BRDA:139,8,1,4
BRDA:145,9,0,3
BRDA:145,9,1,1
BRDA:169,10,0,0
BRDA:169,10,1,3
BRDA:172,11,0,2
BRDA:172,11,1,1
BRDA:172,12,0,3
BRDA:172,12,1,1
BRDA:192,13,0,2
BRDA:192,13,1,2
BRF:28
BRH:22
end_of_record
